e:\系统默认\桌面\xxl-project\x64\debug\dbutil.obj
e:\系统默认\桌面\xxl-project\x64\debug\main.obj
e:\系统默认\桌面\xxl-project\x64\debug\rule.obj
e:\系统默认\桌面\xxl-project\x64\debug\rank.obj
e:\系统默认\桌面\xxl-project\x64\debug\gem.obj
e:\系统默认\桌面\xxl-project\x64\debug\xxlproject.obj
e:\系统默认\桌面\xxl-project\x64\debug\help.obj
e:\系统默认\桌面\xxl-project\x64\debug\game.obj
e:\系统默认\桌面\xxl-project\x64\debug\vc142.pdb
e:\系统默认\桌面\xxl-project\x64\debug\moc_game.obj
e:\系统默认\桌面\xxl-project\x64\debug\moc_xxlproject.obj
e:\系统默认\桌面\xxl-project\x64\debug\moc_help.obj
e:\系统默认\桌面\xxl-project\x64\debug\moc_rank.obj
e:\系统默认\桌面\xxl-project\x64\debug\qrc_xxlproject.obj
e:\系统默认\桌面\xxl-project\x64\debug\moc_gem.obj
c:\users\lenovo\desktop\xxl2.2\x64\debug\xxlproject.exe
c:\users\lenovo\desktop\xxl2.2\x64\debug\xxlproject.ilk
c:\users\lenovo\desktop\xxl2.2\x64\debug\xxlproject.pdb
e:\系统默认\桌面\xxl-project\x64\debug\moc\moc_xxlproject.cpp
e:\系统默认\桌面\xxl-project\x64\debug\moc\moc_gem.cpp
e:\系统默认\桌面\xxl-project\x64\debug\moc\moc_help.cpp
e:\系统默认\桌面\xxl-project\x64\debug\moc\moc_rank.cpp
e:\系统默认\桌面\xxl-project\x64\debug\moc\moc_game.cpp
e:\系统默认\桌面\xxl-project\x64\debug\rcc\qrc_xxlproject.cpp
e:\系统默认\桌面\xxl-project\x64\debug\uic\ui_help.h
e:\系统默认\桌面\xxl-project\x64\debug\uic\ui_game.h
e:\系统默认\桌面\xxl-project\x64\debug\uic\ui_rank.h
e:\系统默认\桌面\xxl-project\x64\debug\uic\ui_xxlproject.h
e:\系统默认\桌面\xxl-project\x64\debug\xxlproject.pdb
e:\系统默认\桌面\xxl-project\x64\debug\xxlproject.tlog\cl.command.1.tlog
e:\系统默认\桌面\xxl-project\x64\debug\xxlproject.tlog\cl.read.1.tlog
e:\系统默认\桌面\xxl-project\x64\debug\xxlproject.tlog\cl.write.1.tlog
e:\系统默认\桌面\xxl-project\x64\debug\xxlproject.tlog\link-cvtres.read.1.tlog
e:\系统默认\桌面\xxl-project\x64\debug\xxlproject.tlog\link-cvtres.write.1.tlog
e:\系统默认\桌面\xxl-project\x64\debug\xxlproject.tlog\link-rc.read.1.tlog
e:\系统默认\桌面\xxl-project\x64\debug\xxlproject.tlog\link-rc.write.1.tlog
e:\系统默认\桌面\xxl-project\x64\debug\xxlproject.tlog\link.command.1.tlog
e:\系统默认\桌面\xxl-project\x64\debug\xxlproject.tlog\link.read.1.tlog
e:\系统默认\桌面\xxl-project\x64\debug\xxlproject.tlog\link.write.1.tlog
e:\系统默认\桌面\xxl-project\x64\debug\xxlproject.tlog\moc.read.1u.tlog
e:\系统默认\桌面\xxl-project\x64\debug\xxlproject.tlog\moc.write.1u.tlog
e:\系统默认\桌面\xxl-project\x64\debug\xxlproject.tlog\rcc.read.1u.tlog
e:\系统默认\桌面\xxl-project\x64\debug\xxlproject.tlog\rcc.write.1u.tlog
e:\系统默认\桌面\xxl-project\x64\debug\xxlproject.tlog\uic.read.1u.tlog
e:\系统默认\桌面\xxl-project\x64\debug\xxlproject.tlog\uic.write.1u.tlog
e:\系统默认\桌面\xxl-project\x64\debug\xxlproject.tlog\xxlproject.write.1u.tlog
